D:\DevelopmentEnv\VueFramework\Dev\Sandbox\VueFrameworkDev\PatientInquiry\PatientInquiryPrototype\PatientInquiryPrototype\src\index.js
D:\DevelopmentEnv\VueFramework\Dev\Sandbox\VueFrameworkDev\PatientInquiry\PatientInquiryPrototype\PatientInquiryPrototype\src\index.js.map
D:\DevelopmentEnv\VueFramework\Dev\Sandbox\VueFrameworkDev\PatientInquiry\PatientInquiryPrototype\PatientInquiryPrototype\src\app\services\i18n-providers.js
D:\DevelopmentEnv\VueFramework\Dev\Sandbox\VueFrameworkDev\PatientInquiry\PatientInquiryPrototype\PatientInquiryPrototype\src\app\services\i18n-providers.js.map
D:\DevelopmentEnv\VueFramework\Dev\Sandbox\VueFrameworkDev\PatientInquiry\PatientInquiryPrototype\PatientInquiryPrototype\src\app\models\host-info.model.js
D:\DevelopmentEnv\VueFramework\Dev\Sandbox\VueFrameworkDev\PatientInquiry\PatientInquiryPrototype\PatientInquiryPrototype\src\app\models\host-info.model.js.map
D:\DevelopmentEnv\VueFramework\Dev\Sandbox\VueFrameworkDev\PatientInquiry\PatientInquiryPrototype\PatientInquiryPrototype\src\app\services\http.service.js
D:\DevelopmentEnv\VueFramework\Dev\Sandbox\VueFrameworkDev\PatientInquiry\PatientInquiryPrototype\PatientInquiryPrototype\src\app\services\http.service.js.map
D:\DevelopmentEnv\VueFramework\Dev\Sandbox\VueFrameworkDev\PatientInquiry\PatientInquiryPrototype\PatientInquiryPrototype\src\app\services\get-config.service.js
D:\DevelopmentEnv\VueFramework\Dev\Sandbox\VueFrameworkDev\PatientInquiry\PatientInquiryPrototype\PatientInquiryPrototype\src\app\services\get-config.service.js.map
D:\DevelopmentEnv\VueFramework\Dev\Sandbox\VueFrameworkDev\PatientInquiry\PatientInquiryPrototype\PatientInquiryPrototype\src\app\services\login.service.js
D:\DevelopmentEnv\VueFramework\Dev\Sandbox\VueFrameworkDev\PatientInquiry\PatientInquiryPrototype\PatientInquiryPrototype\src\app\services\login.service.js.map
D:\DevelopmentEnv\VueFramework\Dev\Sandbox\VueFrameworkDev\PatientInquiry\PatientInquiryPrototype\PatientInquiryPrototype\src\app\services\authentication.service.js
D:\DevelopmentEnv\VueFramework\Dev\Sandbox\VueFrameworkDev\PatientInquiry\PatientInquiryPrototype\PatientInquiryPrototype\src\app\services\authentication.service.js.map
D:\DevelopmentEnv\VueFramework\Dev\Sandbox\VueFrameworkDev\PatientInquiry\PatientInquiryPrototype\PatientInquiryPrototype\src\app\login\login.component.js
D:\DevelopmentEnv\VueFramework\Dev\Sandbox\VueFrameworkDev\PatientInquiry\PatientInquiryPrototype\PatientInquiryPrototype\src\app\login\login.component.js.map
D:\DevelopmentEnv\VueFramework\Dev\Sandbox\VueFrameworkDev\PatientInquiry\PatientInquiryPrototype\PatientInquiryPrototype\src\app\models\patient-list.model.js
D:\DevelopmentEnv\VueFramework\Dev\Sandbox\VueFrameworkDev\PatientInquiry\PatientInquiryPrototype\PatientInquiryPrototype\src\app\models\patient-list.model.js.map
D:\DevelopmentEnv\VueFramework\Dev\Sandbox\VueFrameworkDev\PatientInquiry\PatientInquiryPrototype\PatientInquiryPrototype\src\app\models\patient-demographic.model.js
D:\DevelopmentEnv\VueFramework\Dev\Sandbox\VueFrameworkDev\PatientInquiry\PatientInquiryPrototype\PatientInquiryPrototype\src\app\models\patient-demographic.model.js.map
D:\DevelopmentEnv\VueFramework\Dev\Sandbox\VueFrameworkDev\PatientInquiry\PatientInquiryPrototype\PatientInquiryPrototype\src\app\models\test-result.model.js
D:\DevelopmentEnv\VueFramework\Dev\Sandbox\VueFrameworkDev\PatientInquiry\PatientInquiryPrototype\PatientInquiryPrototype\src\app\models\test-result.model.js.map
D:\DevelopmentEnv\VueFramework\Dev\Sandbox\VueFrameworkDev\PatientInquiry\PatientInquiryPrototype\PatientInquiryPrototype\src\app\models\accession-banner.model.js
D:\DevelopmentEnv\VueFramework\Dev\Sandbox\VueFrameworkDev\PatientInquiry\PatientInquiryPrototype\PatientInquiryPrototype\src\app\models\accession-banner.model.js.map
D:\DevelopmentEnv\VueFramework\Dev\Sandbox\VueFrameworkDev\PatientInquiry\PatientInquiryPrototype\PatientInquiryPrototype\src\app\models\selected-patient.model.js
D:\DevelopmentEnv\VueFramework\Dev\Sandbox\VueFrameworkDev\PatientInquiry\PatientInquiryPrototype\PatientInquiryPrototype\src\app\models\selected-patient.model.js.map
D:\DevelopmentEnv\VueFramework\Dev\Sandbox\VueFrameworkDev\PatientInquiry\PatientInquiryPrototype\PatientInquiryPrototype\src\app\services\patient-list.service.js
D:\DevelopmentEnv\VueFramework\Dev\Sandbox\VueFrameworkDev\PatientInquiry\PatientInquiryPrototype\PatientInquiryPrototype\src\app\services\patient-list.service.js.map
D:\DevelopmentEnv\VueFramework\Dev\Sandbox\VueFrameworkDev\PatientInquiry\PatientInquiryPrototype\PatientInquiryPrototype\src\app\models\user-settings.model.js
D:\DevelopmentEnv\VueFramework\Dev\Sandbox\VueFrameworkDev\PatientInquiry\PatientInquiryPrototype\PatientInquiryPrototype\src\app\models\user-settings.model.js.map
D:\DevelopmentEnv\VueFramework\Dev\Sandbox\VueFrameworkDev\PatientInquiry\PatientInquiryPrototype\PatientInquiryPrototype\src\app\services\ajax-header.service.js
D:\DevelopmentEnv\VueFramework\Dev\Sandbox\VueFrameworkDev\PatientInquiry\PatientInquiryPrototype\PatientInquiryPrototype\src\app\services\ajax-header.service.js.map
D:\DevelopmentEnv\VueFramework\Dev\Sandbox\VueFrameworkDev\PatientInquiry\PatientInquiryPrototype\PatientInquiryPrototype\src\app\services\search.service.js
D:\DevelopmentEnv\VueFramework\Dev\Sandbox\VueFrameworkDev\PatientInquiry\PatientInquiryPrototype\PatientInquiryPrototype\src\app\services\search.service.js.map
D:\DevelopmentEnv\VueFramework\Dev\Sandbox\VueFrameworkDev\PatientInquiry\PatientInquiryPrototype\PatientInquiryPrototype\src\app\shared\validators\date-format-validator.directive.js
D:\DevelopmentEnv\VueFramework\Dev\Sandbox\VueFrameworkDev\PatientInquiry\PatientInquiryPrototype\PatientInquiryPrototype\src\app\shared\validators\date-format-validator.directive.js.map
D:\DevelopmentEnv\VueFramework\Dev\Sandbox\VueFrameworkDev\PatientInquiry\PatientInquiryPrototype\PatientInquiryPrototype\src\app\services\pass-data.service.js
D:\DevelopmentEnv\VueFramework\Dev\Sandbox\VueFrameworkDev\PatientInquiry\PatientInquiryPrototype\PatientInquiryPrototype\src\app\services\pass-data.service.js.map
D:\DevelopmentEnv\VueFramework\Dev\Sandbox\VueFrameworkDev\PatientInquiry\PatientInquiryPrototype\PatientInquiryPrototype\src\app\services\persist-data.service.js
D:\DevelopmentEnv\VueFramework\Dev\Sandbox\VueFrameworkDev\PatientInquiry\PatientInquiryPrototype\PatientInquiryPrototype\src\app\services\persist-data.service.js.map
D:\DevelopmentEnv\VueFramework\Dev\Sandbox\VueFrameworkDev\PatientInquiry\PatientInquiryPrototype\PatientInquiryPrototype\src\app\search\search.component.js
D:\DevelopmentEnv\VueFramework\Dev\Sandbox\VueFrameworkDev\PatientInquiry\PatientInquiryPrototype\PatientInquiryPrototype\src\app\search\search.component.js.map
D:\DevelopmentEnv\VueFramework\Dev\Sandbox\VueFrameworkDev\PatientInquiry\PatientInquiryPrototype\PatientInquiryPrototype\src\app\models\selected-patient-result.model.js
D:\DevelopmentEnv\VueFramework\Dev\Sandbox\VueFrameworkDev\PatientInquiry\PatientInquiryPrototype\PatientInquiryPrototype\src\app\models\selected-patient-result.model.js.map
D:\DevelopmentEnv\VueFramework\Dev\Sandbox\VueFrameworkDev\PatientInquiry\PatientInquiryPrototype\PatientInquiryPrototype\src\app\search\patient-list.component.js
D:\DevelopmentEnv\VueFramework\Dev\Sandbox\VueFrameworkDev\PatientInquiry\PatientInquiryPrototype\PatientInquiryPrototype\src\app\search\patient-list.component.js.map
D:\DevelopmentEnv\VueFramework\Dev\Sandbox\VueFrameworkDev\PatientInquiry\PatientInquiryPrototype\PatientInquiryPrototype\src\app\results\result-update.component.js
D:\DevelopmentEnv\VueFramework\Dev\Sandbox\VueFrameworkDev\PatientInquiry\PatientInquiryPrototype\PatientInquiryPrototype\src\app\results\result-update.component.js.map
D:\DevelopmentEnv\VueFramework\Dev\Sandbox\VueFrameworkDev\PatientInquiry\PatientInquiryPrototype\PatientInquiryPrototype\src\app\results\result-detail.component.js
D:\DevelopmentEnv\VueFramework\Dev\Sandbox\VueFrameworkDev\PatientInquiry\PatientInquiryPrototype\PatientInquiryPrototype\src\app\results\result-detail.component.js.map
D:\DevelopmentEnv\VueFramework\Dev\Sandbox\VueFrameworkDev\PatientInquiry\PatientInquiryPrototype\PatientInquiryPrototype\src\app\shared\unsaved-changes\prevent-unsaved-changes.js
D:\DevelopmentEnv\VueFramework\Dev\Sandbox\VueFrameworkDev\PatientInquiry\PatientInquiryPrototype\PatientInquiryPrototype\src\app\shared\unsaved-changes\prevent-unsaved-changes.js.map
D:\DevelopmentEnv\VueFramework\Dev\Sandbox\VueFrameworkDev\PatientInquiry\PatientInquiryPrototype\PatientInquiryPrototype\src\app\shared\modal-dialog\modal-dialog.component.js
D:\DevelopmentEnv\VueFramework\Dev\Sandbox\VueFrameworkDev\PatientInquiry\PatientInquiryPrototype\PatientInquiryPrototype\src\app\shared\modal-dialog\modal-dialog.component.js.map
D:\DevelopmentEnv\VueFramework\Dev\Sandbox\VueFrameworkDev\PatientInquiry\PatientInquiryPrototype\PatientInquiryPrototype\src\app\shared\modal-dialog\modal-dialog.service.js
D:\DevelopmentEnv\VueFramework\Dev\Sandbox\VueFrameworkDev\PatientInquiry\PatientInquiryPrototype\PatientInquiryPrototype\src\app\shared\modal-dialog\modal-dialog.service.js.map
D:\DevelopmentEnv\VueFramework\Dev\Sandbox\VueFrameworkDev\PatientInquiry\PatientInquiryPrototype\PatientInquiryPrototype\src\app\shared\unsaved-changes\prevent-unsaved-changes-handler.js
D:\DevelopmentEnv\VueFramework\Dev\Sandbox\VueFrameworkDev\PatientInquiry\PatientInquiryPrototype\PatientInquiryPrototype\src\app\shared\unsaved-changes\prevent-unsaved-changes-handler.js.map
D:\DevelopmentEnv\VueFramework\Dev\Sandbox\VueFrameworkDev\PatientInquiry\PatientInquiryPrototype\PatientInquiryPrototype\src\app\results\results.component.js
D:\DevelopmentEnv\VueFramework\Dev\Sandbox\VueFrameworkDev\PatientInquiry\PatientInquiryPrototype\PatientInquiryPrototype\src\app\results\results.component.js.map
D:\DevelopmentEnv\VueFramework\Dev\Sandbox\VueFrameworkDev\PatientInquiry\PatientInquiryPrototype\PatientInquiryPrototype\src\app\models\user-info.model.js
D:\DevelopmentEnv\VueFramework\Dev\Sandbox\VueFrameworkDev\PatientInquiry\PatientInquiryPrototype\PatientInquiryPrototype\src\app\models\user-info.model.js.map
D:\DevelopmentEnv\VueFramework\Dev\Sandbox\VueFrameworkDev\PatientInquiry\PatientInquiryPrototype\PatientInquiryPrototype\src\app\admin\user-list-cell-edit\user-list-cell-edit.component.js
D:\DevelopmentEnv\VueFramework\Dev\Sandbox\VueFrameworkDev\PatientInquiry\PatientInquiryPrototype\PatientInquiryPrototype\src\app\admin\user-list-cell-edit\user-list-cell-edit.component.js.map
D:\DevelopmentEnv\VueFramework\Dev\Sandbox\VueFrameworkDev\PatientInquiry\PatientInquiryPrototype\PatientInquiryPrototype\src\app\services\manage-users.service.js
D:\DevelopmentEnv\VueFramework\Dev\Sandbox\VueFrameworkDev\PatientInquiry\PatientInquiryPrototype\PatientInquiryPrototype\src\app\services\manage-users.service.js.map
D:\DevelopmentEnv\VueFramework\Dev\Sandbox\VueFrameworkDev\PatientInquiry\PatientInquiryPrototype\PatientInquiryPrototype\src\app\admin\user-list\user-list.component.js
D:\DevelopmentEnv\VueFramework\Dev\Sandbox\VueFrameworkDev\PatientInquiry\PatientInquiryPrototype\PatientInquiryPrototype\src\app\admin\user-list\user-list.component.js.map
D:\DevelopmentEnv\VueFramework\Dev\Sandbox\VueFrameworkDev\PatientInquiry\PatientInquiryPrototype\PatientInquiryPrototype\src\app\admin\manage-users\manage-users.component.js
D:\DevelopmentEnv\VueFramework\Dev\Sandbox\VueFrameworkDev\PatientInquiry\PatientInquiryPrototype\PatientInquiryPrototype\src\app\admin\manage-users\manage-users.component.js.map
D:\DevelopmentEnv\VueFramework\Dev\Sandbox\VueFrameworkDev\PatientInquiry\PatientInquiryPrototype\PatientInquiryPrototype\src\app\patiq-app-routing.module.js
D:\DevelopmentEnv\VueFramework\Dev\Sandbox\VueFrameworkDev\PatientInquiry\PatientInquiryPrototype\PatientInquiryPrototype\src\app\patiq-app-routing.module.js.map
D:\DevelopmentEnv\VueFramework\Dev\Sandbox\VueFrameworkDev\PatientInquiry\PatientInquiryPrototype\PatientInquiryPrototype\src\app\shared\app-header\app-header-settings.model.js
D:\DevelopmentEnv\VueFramework\Dev\Sandbox\VueFrameworkDev\PatientInquiry\PatientInquiryPrototype\PatientInquiryPrototype\src\app\shared\app-header\app-header-settings.model.js.map
D:\DevelopmentEnv\VueFramework\Dev\Sandbox\VueFrameworkDev\PatientInquiry\PatientInquiryPrototype\PatientInquiryPrototype\src\app\patiq-app.component.js
D:\DevelopmentEnv\VueFramework\Dev\Sandbox\VueFrameworkDev\PatientInquiry\PatientInquiryPrototype\PatientInquiryPrototype\src\app\patiq-app.component.js.map
D:\DevelopmentEnv\VueFramework\Dev\Sandbox\VueFrameworkDev\PatientInquiry\PatientInquiryPrototype\PatientInquiryPrototype\src\app\shared\app-header\app-header.component.js
D:\DevelopmentEnv\VueFramework\Dev\Sandbox\VueFrameworkDev\PatientInquiry\PatientInquiryPrototype\PatientInquiryPrototype\src\app\shared\app-header\app-header.component.js.map
D:\DevelopmentEnv\VueFramework\Dev\Sandbox\VueFrameworkDev\PatientInquiry\PatientInquiryPrototype\PatientInquiryPrototype\src\app\shared\ag-grid-cell-click\ag-grid-cell-click.component.js
D:\DevelopmentEnv\VueFramework\Dev\Sandbox\VueFrameworkDev\PatientInquiry\PatientInquiryPrototype\PatientInquiryPrototype\src\app\shared\ag-grid-cell-click\ag-grid-cell-click.component.js.map
D:\DevelopmentEnv\VueFramework\Dev\Sandbox\VueFrameworkDev\PatientInquiry\PatientInquiryPrototype\PatientInquiryPrototype\src\app\shared\spinner\spinner.component.js
D:\DevelopmentEnv\VueFramework\Dev\Sandbox\VueFrameworkDev\PatientInquiry\PatientInquiryPrototype\PatientInquiryPrototype\src\app\shared\spinner\spinner.component.js.map
D:\DevelopmentEnv\VueFramework\Dev\Sandbox\VueFrameworkDev\PatientInquiry\PatientInquiryPrototype\PatientInquiryPrototype\src\app\patiq-app.module.js
D:\DevelopmentEnv\VueFramework\Dev\Sandbox\VueFrameworkDev\PatientInquiry\PatientInquiryPrototype\PatientInquiryPrototype\src\app\patiq-app.module.js.map
D:\DevelopmentEnv\VueFramework\Dev\Sandbox\VueFrameworkDev\PatientInquiry\PatientInquiryPrototype\PatientInquiryPrototype\src\environments\environment.js
D:\DevelopmentEnv\VueFramework\Dev\Sandbox\VueFrameworkDev\PatientInquiry\PatientInquiryPrototype\PatientInquiryPrototype\src\environments\environment.js.map
D:\DevelopmentEnv\VueFramework\Dev\Sandbox\VueFrameworkDev\PatientInquiry\PatientInquiryPrototype\PatientInquiryPrototype\src\main.js
D:\DevelopmentEnv\VueFramework\Dev\Sandbox\VueFrameworkDev\PatientInquiry\PatientInquiryPrototype\PatientInquiryPrototype\src\main.js.map
D:\DevelopmentEnv\VueFramework\Dev\Sandbox\VueFrameworkDev\PatientInquiry\PatientInquiryPrototype\PatientInquiryPrototype\src\polyfills.js
D:\DevelopmentEnv\VueFramework\Dev\Sandbox\VueFrameworkDev\PatientInquiry\PatientInquiryPrototype\PatientInquiryPrototype\src\polyfills.js.map
D:\DevelopmentEnv\VueFramework\Dev\Sandbox\VueFrameworkDev\PatientInquiry\PatientInquiryPrototype\PatientInquiryPrototype\src\test.js
D:\DevelopmentEnv\VueFramework\Dev\Sandbox\VueFrameworkDev\PatientInquiry\PatientInquiryPrototype\PatientInquiryPrototype\src\test.js.map
D:\DevelopmentEnv\VueFramework\Dev\Sandbox\VueFrameworkDev\PatientInquiry\PatientInquiryPrototype\PatientInquiryPrototype\src\environments\environment.prod.js
D:\DevelopmentEnv\VueFramework\Dev\Sandbox\VueFrameworkDev\PatientInquiry\PatientInquiryPrototype\PatientInquiryPrototype\src\environments\environment.prod.js.map
D:\DevelopmentEnv\VueFramework\Dev\Sandbox\VueFrameworkDev\PatientInquiry\PatientInquiryPrototype\PatientInquiryPrototype\src\app\patiq-app.component.spec.js
D:\DevelopmentEnv\VueFramework\Dev\Sandbox\VueFrameworkDev\PatientInquiry\PatientInquiryPrototype\PatientInquiryPrototype\src\app\patiq-app.component.spec.js.map
D:\DevelopmentEnv\VueFramework\Dev\Sandbox\VueFrameworkDev\PatientInquiry\PatientInquiryPrototype\PatientInquiryPrototype\src\app\shared\spinner\spinner.component.spec.js
D:\DevelopmentEnv\VueFramework\Dev\Sandbox\VueFrameworkDev\PatientInquiry\PatientInquiryPrototype\PatientInquiryPrototype\src\app\shared\spinner\spinner.component.spec.js.map
D:\DevelopmentEnv\VueFramework\Dev\Sandbox\VueFrameworkDev\PatientInquiry\PatientInquiryPrototype\PatientInquiryPrototype\src\app\shared\app-header\app-header.component.spec.js
D:\DevelopmentEnv\VueFramework\Dev\Sandbox\VueFrameworkDev\PatientInquiry\PatientInquiryPrototype\PatientInquiryPrototype\src\app\shared\app-header\app-header.component.spec.js.map
D:\DevelopmentEnv\VueFramework\Dev\Sandbox\VueFrameworkDev\PatientInquiry\PatientInquiryPrototype\PatientInquiryPrototype\src\app\shared\ag-grid-cell-click\ag-grid-cell-click.component.spec.js
D:\DevelopmentEnv\VueFramework\Dev\Sandbox\VueFrameworkDev\PatientInquiry\PatientInquiryPrototype\PatientInquiryPrototype\src\app\shared\ag-grid-cell-click\ag-grid-cell-click.component.spec.js.map
D:\DevelopmentEnv\VueFramework\Dev\Sandbox\VueFrameworkDev\PatientInquiry\PatientInquiryPrototype\PatientInquiryPrototype\src\app\services\ajax-header.service.spec.js
D:\DevelopmentEnv\VueFramework\Dev\Sandbox\VueFrameworkDev\PatientInquiry\PatientInquiryPrototype\PatientInquiryPrototype\src\app\services\ajax-header.service.spec.js.map
D:\DevelopmentEnv\VueFramework\Dev\Sandbox\VueFrameworkDev\PatientInquiry\PatientInquiryPrototype\PatientInquiryPrototype\src\app\services\get-config.service.spec.js
D:\DevelopmentEnv\VueFramework\Dev\Sandbox\VueFrameworkDev\PatientInquiry\PatientInquiryPrototype\PatientInquiryPrototype\src\app\services\get-config.service.spec.js.map
D:\DevelopmentEnv\VueFramework\Dev\Sandbox\VueFrameworkDev\PatientInquiry\PatientInquiryPrototype\PatientInquiryPrototype\src\app\services\http.service.spec.js
D:\DevelopmentEnv\VueFramework\Dev\Sandbox\VueFrameworkDev\PatientInquiry\PatientInquiryPrototype\PatientInquiryPrototype\src\app\services\http.service.spec.js.map
D:\DevelopmentEnv\VueFramework\Dev\Sandbox\VueFrameworkDev\PatientInquiry\PatientInquiryPrototype\PatientInquiryPrototype\src\app\services\patient-list.service.spec.js
D:\DevelopmentEnv\VueFramework\Dev\Sandbox\VueFrameworkDev\PatientInquiry\PatientInquiryPrototype\PatientInquiryPrototype\src\app\services\patient-list.service.spec.js.map
D:\DevelopmentEnv\VueFramework\Dev\Sandbox\VueFrameworkDev\PatientInquiry\PatientInquiryPrototype\PatientInquiryPrototype\src\app\services\search.service.spec.js
D:\DevelopmentEnv\VueFramework\Dev\Sandbox\VueFrameworkDev\PatientInquiry\PatientInquiryPrototype\PatientInquiryPrototype\src\app\services\search.service.spec.js.map
D:\DevelopmentEnv\VueFramework\Dev\Sandbox\VueFrameworkDev\PatientInquiry\PatientInquiryPrototype\PatientInquiryPrototype\src\app\search\patient-list.component.spec.js
D:\DevelopmentEnv\VueFramework\Dev\Sandbox\VueFrameworkDev\PatientInquiry\PatientInquiryPrototype\PatientInquiryPrototype\src\app\search\patient-list.component.spec.js.map
D:\DevelopmentEnv\VueFramework\Dev\Sandbox\VueFrameworkDev\PatientInquiry\PatientInquiryPrototype\PatientInquiryPrototype\src\app\search\search.component.spec.js
D:\DevelopmentEnv\VueFramework\Dev\Sandbox\VueFrameworkDev\PatientInquiry\PatientInquiryPrototype\PatientInquiryPrototype\src\app\search\search.component.spec.js.map
D:\DevelopmentEnv\VueFramework\Dev\Sandbox\VueFrameworkDev\PatientInquiry\PatientInquiryPrototype\PatientInquiryPrototype\src\app\results\result-detail.component.spec.js
D:\DevelopmentEnv\VueFramework\Dev\Sandbox\VueFrameworkDev\PatientInquiry\PatientInquiryPrototype\PatientInquiryPrototype\src\app\results\result-detail.component.spec.js.map
D:\DevelopmentEnv\VueFramework\Dev\Sandbox\VueFrameworkDev\PatientInquiry\PatientInquiryPrototype\PatientInquiryPrototype\src\app\results\results.component.spec.js
D:\DevelopmentEnv\VueFramework\Dev\Sandbox\VueFrameworkDev\PatientInquiry\PatientInquiryPrototype\PatientInquiryPrototype\src\app\results\results.component.spec.js.map
D:\DevelopmentEnv\VueFramework\Dev\Sandbox\VueFrameworkDev\PatientInquiry\PatientInquiryPrototype\PatientInquiryPrototype\src\app\login\login.component.spec.js
D:\DevelopmentEnv\VueFramework\Dev\Sandbox\VueFrameworkDev\PatientInquiry\PatientInquiryPrototype\PatientInquiryPrototype\src\app\login\login.component.spec.js.map
D:\DevelopmentEnv\VueFramework\Dev\Sandbox\VueFrameworkDev\PatientInquiry\PatientInquiryPrototype\PatientInquiryPrototype\src\app\admin\user-list-cell-edit\user-list-cell-edit.component.spec.js
D:\DevelopmentEnv\VueFramework\Dev\Sandbox\VueFrameworkDev\PatientInquiry\PatientInquiryPrototype\PatientInquiryPrototype\src\app\admin\user-list-cell-edit\user-list-cell-edit.component.spec.js.map
D:\DevelopmentEnv\VueFramework\Dev\Sandbox\VueFrameworkDev\PatientInquiry\PatientInquiryPrototype\PatientInquiryPrototype\src\app\admin\user-list\user-list.component.spec.js
D:\DevelopmentEnv\VueFramework\Dev\Sandbox\VueFrameworkDev\PatientInquiry\PatientInquiryPrototype\PatientInquiryPrototype\src\app\admin\user-list\user-list.component.spec.js.map
D:\DevelopmentEnv\VueFramework\Dev\Sandbox\VueFrameworkDev\PatientInquiry\PatientInquiryPrototype\PatientInquiryPrototype\src\app\admin\manage-users\manage-users.component.spec.js
D:\DevelopmentEnv\VueFramework\Dev\Sandbox\VueFrameworkDev\PatientInquiry\PatientInquiryPrototype\PatientInquiryPrototype\src\app\admin\manage-users\manage-users.component.spec.js.map
D:\DevelopmentEnv\VueFramework\Dev\Sandbox\VueFrameworkDev\PatientInquiry\PatientInquiryPrototype\PatientInquiryPrototype\e2e\patiq-app.po.js
D:\DevelopmentEnv\VueFramework\Dev\Sandbox\VueFrameworkDev\PatientInquiry\PatientInquiryPrototype\PatientInquiryPrototype\e2e\patiq-app.po.js.map
D:\DevelopmentEnv\VueFramework\Dev\Sandbox\VueFrameworkDev\PatientInquiry\PatientInquiryPrototype\PatientInquiryPrototype\e2e\patiq-login.po.js
D:\DevelopmentEnv\VueFramework\Dev\Sandbox\VueFrameworkDev\PatientInquiry\PatientInquiryPrototype\PatientInquiryPrototype\e2e\patiq-login.po.js.map
D:\DevelopmentEnv\VueFramework\Dev\Sandbox\VueFrameworkDev\PatientInquiry\PatientInquiryPrototype\PatientInquiryPrototype\e2e\patiq-search.po.js
D:\DevelopmentEnv\VueFramework\Dev\Sandbox\VueFrameworkDev\PatientInquiry\PatientInquiryPrototype\PatientInquiryPrototype\e2e\patiq-search.po.js.map
D:\DevelopmentEnv\VueFramework\Dev\Sandbox\VueFrameworkDev\PatientInquiry\PatientInquiryPrototype\PatientInquiryPrototype\e2e\patiq-result.po.js
D:\DevelopmentEnv\VueFramework\Dev\Sandbox\VueFrameworkDev\PatientInquiry\PatientInquiryPrototype\PatientInquiryPrototype\e2e\patiq-result.po.js.map
D:\DevelopmentEnv\VueFramework\Dev\Sandbox\VueFrameworkDev\PatientInquiry\PatientInquiryPrototype\PatientInquiryPrototype\e2e\patiq-app-1.e2e-spec.js
D:\DevelopmentEnv\VueFramework\Dev\Sandbox\VueFrameworkDev\PatientInquiry\PatientInquiryPrototype\PatientInquiryPrototype\e2e\patiq-app-1.e2e-spec.js.map
D:\DevelopmentEnv\VueFramework\Dev\Sandbox\VueFrameworkDev\PatientInquiry\PatientInquiryPrototype\PatientInquiryPrototype\e2e\patiq-app-2.e2e-spec.js
D:\DevelopmentEnv\VueFramework\Dev\Sandbox\VueFrameworkDev\PatientInquiry\PatientInquiryPrototype\PatientInquiryPrototype\e2e\patiq-app-2.e2e-spec.js.map
